{"numFailedTestSuites":0,"numFailedTests":0,"numPassedTestSuites":1,"numPassedTests":4,"numPendingTestSuites":0,"numPendingTests":0,"numRuntimeErrorTestSuites":0,"numTodoTests":0,"numTotalTestSuites":1,"numTotalTests":4,"openHandles":[],"snapshot":{"added":0,"didUpdate":false,"failure":false,"filesAdded":0,"filesRemoved":0,"filesRemovedList":[],"filesUnmatched":0,"filesUpdated":0,"matched":0,"total":0,"unchecked":0,"uncheckedKeysByFile":[],"unmatched":0,"updated":0},"startTime":1767432757668,"success":true,"testResults":[{"assertionResults":[{"ancestorTitles":["TextLink Component"],"duration":106,"failing":false,"failureDetails":[],"failureMessages":[],"fullName":"TextLink Component should render the text link correctly","invocations":1,"location":{"column":3,"line":26},"numPassingAsserts":1,"retryReasons":[],"startAt":1767432758913,"status":"passed","title":"should render the text link correctly"},{"ancestorTitles":["TextLink Component"],"duration":34,"failing":false,"failureDetails":[],"failureMessages":[],"fullName":"TextLink Component should format the publish date correctly (de-DE format)","invocations":1,"location":{"column":3,"line":33},"numPassingAsserts":1,"retryReasons":[],"startAt":1767432759024,"status":"passed","title":"should format the publish date correctly (de-DE format)"},{"ancestorTitles":["TextLink Component"],"duration":34,"failing":false,"failureDetails":[],"failureMessages":[],"fullName":"TextLink Component should render with correct href property","invocations":1,"location":{"column":3,"line":46},"numPassingAsserts":1,"retryReasons":[],"startAt":1767432759059,"status":"passed","title":"should render with correct href property"},{"ancestorTitles":["TextLink Component"],"duration":24,"failing":false,"failureDetails":[],"failureMessages":[],"fullName":"TextLink Component should handle different dates correctly","invocations":1,"location":{"column":3,"line":54},"numPassingAsserts":1,"retryReasons":[],"startAt":1767432759094,"status":"passed","title":"should handle different dates correctly"}],"endTime":1767432759120,"message":"","name":"/home/runner/work/homepage/homepage/components/textLink/TextLink.test.tsx","startTime":1767432758002,"status":"passed","summary":""}],"wasInterrupted":false,"coverageMap":{"/home/runner/work/homepage/homepage/components/ui/provider.tsx":{"path":"/home/runner/work/homepage/homepage/components/ui/provider.tsx","statementMap":{"0":{"start":{"line":9,"column":16},"end":{"line":9,"column":25}},"1":{"start":{"line":3,"column":46},"end":{"line":3,"column":null}},"2":{"start":{"line":7,"column":7},"end":{"line":7,"column":null}}},"fnMap":{"0":{"name":"Provider","decl":{"start":{"line":9,"column":16},"end":{"line":9,"column":25}},"loc":{"start":{"line":9,"column":54},"end":{"line":15,"column":null}}}},"branchMap":{},"s":{"0":4,"1":1,"2":1},"f":{"0":4},"b":{}},"/home/runner/work/homepage/homepage/components/ui/color-mode.tsx":{"path":"/home/runner/work/homepage/homepage/components/ui/color-mode.tsx","statementMap":{"0":{"start":{"line":51,"column":13},"end":{"line":51,"column":31}},"1":{"start":{"line":44,"column":16},"end":{"line":44,"column":null}},"2":{"start":{"line":12,"column":16},"end":{"line":12,"column":34}},"3":{"start":{"line":94,"column":13},"end":{"line":94,"column":24}},"4":{"start":{"line":78,"column":13},"end":{"line":78,"column":25}},"5":{"start":{"line":26,"column":16},"end":{"line":26,"column":null}},"6":{"start":{"line":39,"column":16},"end":{"line":39,"column":37}},"7":{"start":{"line":4,"column":55},"end":{"line":4,"column":null}},"8":{"start":{"line":5,"column":40},"end":{"line":5,"column":null}},"9":{"start":{"line":7,"column":23},"end":{"line":7,"column":null}},"10":{"start":{"line":8,"column":30},"end":{"line":8,"column":null}},"11":{"start":{"line":27,"column":51},"end":{"line":27,"column":null}},"12":{"start":{"line":28,"column":20},"end":{"line":28,"column":null}},"13":{"start":{"line":29,"column":26},"end":{"line":31,"column":null}},"14":{"start":{"line":30,"column":4},"end":{"line":30,"column":null}},"15":{"start":{"line":32,"column":2},"end":{"line":36,"column":null}},"16":{"start":{"line":40,"column":24},"end":{"line":40,"column":null}},"17":{"start":{"line":41,"column":2},"end":{"line":41,"column":null}},"18":{"start":{"line":45,"column":24},"end":{"line":45,"column":null}},"19":{"start":{"line":46,"column":2},"end":{"line":46,"column":null}},"20":{"start":{"line":51,"column":31},"end":{"line":76,"column":null}},"21":{"start":{"line":55,"column":30},"end":{"line":55,"column":null}},"22":{"start":{"line":78,"column":25},"end":{"line":91,"column":null}},"23":{"start":{"line":94,"column":24},"end":{"line":107,"column":null}}},"fnMap":{"0":{"name":"ColorModeProvider","decl":{"start":{"line":12,"column":16},"end":{"line":12,"column":34}},"loc":{"start":{"line":12,"column":63},"end":{"line":16,"column":null}}},"1":{"name":"useColorMode","decl":{"start":{"line":26,"column":16},"end":{"line":26,"column":null}},"loc":{"start":{"line":26,"column":16},"end":{"line":37,"column":null}}},"2":{"name":"(anonymous_13)","decl":{"start":{"line":29,"column":26},"end":{"line":29,"column":null}},"loc":{"start":{"line":29,"column":26},"end":{"line":31,"column":null}}},"3":{"name":"useColorModeValue","decl":{"start":{"line":39,"column":16},"end":{"line":39,"column":37}},"loc":{"start":{"line":39,"column":54},"end":{"line":42,"column":null}}},"4":{"name":"ColorModeIcon","decl":{"start":{"line":44,"column":16},"end":{"line":44,"column":null}},"loc":{"start":{"line":44,"column":16},"end":{"line":47,"column":null}}},"5":{"name":"ColorModeButton","decl":{"start":{"line":54,"column":11},"end":{"line":54,"column":27}},"loc":{"start":{"line":54,"column":37},"end":{"line":76,"column":null}}},"6":{"name":"LightMode","decl":{"start":{"line":79,"column":11},"end":{"line":79,"column":21}},"loc":{"start":{"line":79,"column":31},"end":{"line":91,"column":null}}},"7":{"name":"DarkMode","decl":{"start":{"line":95,"column":11},"end":{"line":95,"column":20}},"loc":{"start":{"line":95,"column":30},"end":{"line":107,"column":null}}}},"branchMap":{"0":{"loc":{"start":{"line":28,"column":20},"end":{"line":28,"column":null}},"type":"binary-expr","locations":[{"start":{"line":28,"column":20},"end":{"line":28,"column":35}},{"start":{"line":28,"column":35},"end":{"line":28,"column":null}}]},"1":{"loc":{"start":{"line":30,"column":13},"end":{"line":30,"column":null}},"type":"cond-expr","locations":[{"start":{"line":30,"column":40},"end":{"line":30,"column":50}},{"start":{"line":30,"column":50},"end":{"line":30,"column":null}}]},"2":{"loc":{"start":{"line":41,"column":9},"end":{"line":41,"column":null}},"type":"cond-expr","locations":[{"start":{"line":41,"column":32},"end":{"line":41,"column":39}},{"start":{"line":41,"column":39},"end":{"line":41,"column":null}}]},"3":{"loc":{"start":{"line":46,"column":9},"end":{"line":46,"column":null}},"type":"cond-expr","locations":[{"start":{"line":46,"column":32},"end":{"line":46,"column":45}},{"start":{"line":46,"column":45},"end":{"line":46,"column":null}}]}},"s":{"0":0,"1":0,"2":4,"3":0,"4":0,"5":0,"6":0,"7":1,"8":1,"9":1,"10":1,"11":0,"12":0,"13":0,"14":0,"15":0,"16":0,"17":0,"18":0,"19":0,"20":1,"21":0,"22":1,"23":1},"f":{"0":4,"1":0,"2":0,"3":0,"4":0,"5":0,"6":0,"7":0},"b":{"0":[0,0],"1":[0,0],"2":[0,0],"3":[0,0]}},"/home/runner/work/homepage/homepage/components/textLink/TextLink.tsx":{"path":"/home/runner/work/homepage/homepage/components/textLink/TextLink.tsx","statementMap":{"0":{"start":{"line":10,"column":24},"end":{"line":10,"column":33}},"1":{"start":{"line":1,"column":20},"end":{"line":1,"column":null}},"2":{"start":{"line":2,"column":26},"end":{"line":2,"column":null}},"3":{"start":{"line":11,"column":19},"end":{"line":11,"column":null}},"4":{"start":{"line":13,"column":24},"end":{"line":15,"column":null}},"5":{"start":{"line":14,"column":8},"end":{"line":14,"column":null}},"6":{"start":{"line":26,"column":32},"end":{"line":26,"column":47}}},"fnMap":{"0":{"name":"TextLink","decl":{"start":{"line":10,"column":24},"end":{"line":10,"column":33}},"loc":{"start":{"line":10,"column":53},"end":{"line":31,"column":null}}},"1":{"name":"(anonymous_2)","decl":{"start":{"line":13,"column":24},"end":{"line":13,"column":null}},"loc":{"start":{"line":13,"column":24},"end":{"line":15,"column":null}}},"2":{"name":"(anonymous_3)","decl":{"start":{"line":26,"column":26},"end":{"line":26,"column":32}},"loc":{"start":{"line":26,"column":32},"end":{"line":26,"column":47}}}},"branchMap":{},"s":{"0":4,"1":1,"2":1,"3":4,"4":4,"5":0,"6":0},"f":{"0":4,"1":0,"2":0},"b":{}},"/home/runner/work/homepage/homepage/app/about/page.tsx":{"path":"/home/runner/work/homepage/homepage/app/about/page.tsx","statementMap":{"0":{"start":{"line":5,"column":24},"end":{"line":5,"column":null}},"1":{"start":{"line":3,"column":26},"end":{"line":3,"column":null}}},"fnMap":{"0":{"name":"AboutPage","decl":{"start":{"line":5,"column":24},"end":{"line":5,"column":null}},"loc":{"start":{"line":5,"column":24},"end":{"line":22,"column":null}}}},"branchMap":{},"s":{"0":0,"1":0},"f":{"0":0},"b":{}},"/home/runner/work/homepage/homepage/app/layout.tsx":{"path":"/home/runner/work/homepage/homepage/app/layout.tsx","statementMap":{"0":{"start":{"line":23,"column":24},"end":{"line":23,"column":35}},"1":{"start":{"line":18,"column":13},"end":{"line":18,"column":34}},"2":{"start":{"line":2,"column":22},"end":{"line":2,"column":null}},"3":{"start":{"line":3,"column":7},"end":{"line":3,"column":null}},"4":{"start":{"line":4,"column":25},"end":{"line":4,"column":null}},"5":{"start":{"line":5,"column":17},"end":{"line":5,"column":null}},"6":{"start":{"line":7,"column":18},"end":{"line":11,"column":null}},"7":{"start":{"line":12,"column":18},"end":{"line":16,"column":null}},"8":{"start":{"line":18,"column":34},"end":{"line":21,"column":null}},"9":{"start":{"line":60,"column":16},"end":{"line":63,"column":null}},"10":{"start":{"line":69,"column":10},"end":{"line":70,"column":null}}},"fnMap":{"0":{"name":"RootLayout","decl":{"start":{"line":23,"column":24},"end":{"line":23,"column":35}},"loc":{"start":{"line":27,"column":2},"end":{"line":42,"column":null}}},"1":{"name":"Header","decl":{"start":{"line":44,"column":9},"end":{"line":44,"column":null}},"loc":{"start":{"line":44,"column":9},"end":{"line":57,"column":null}}},"2":{"name":"Footer","decl":{"start":{"line":59,"column":9},"end":{"line":59,"column":null}},"loc":{"start":{"line":59,"column":9},"end":{"line":82,"column":null}}},"3":{"name":"(anonymous_7)","decl":{"start":{"line":68,"column":19},"end":{"line":68,"column":20}},"loc":{"start":{"line":69,"column":10},"end":{"line":70,"column":null}}}},"branchMap":{},"s":{"0":0,"1":0,"2":0,"3":0,"4":0,"5":0,"6":0,"7":0,"8":0,"9":0,"10":0},"f":{"0":0,"1":0,"2":0,"3":0},"b":{}},"/home/runner/work/homepage/homepage/app/page.tsx":{"path":"/home/runner/work/homepage/homepage/app/page.tsx","statementMap":{"0":{"start":{"line":16,"column":24},"end":{"line":16,"column":null}},"1":{"start":{"line":3,"column":21},"end":{"line":3,"column":null}},"2":{"start":{"line":5,"column":32},"end":{"line":5,"column":null}},"3":{"start":{"line":6,"column":27},"end":{"line":6,"column":null}},"4":{"start":{"line":8,"column":35},"end":{"line":14,"column":null}},"5":{"start":{"line":17,"column":4},"end":{"line":17,"column":null}},"6":{"start":{"line":33,"column":60},"end":{"line":33,"column":111}},"7":{"start":{"line":34,"column":36},"end":{"line":34,"column":null}}},"fnMap":{"0":{"name":"Home","decl":{"start":{"line":16,"column":24},"end":{"line":16,"column":null}},"loc":{"start":{"line":16,"column":24},"end":{"line":48,"column":null}}},"1":{"name":"(anonymous_3)","decl":{"start":{"line":33,"column":50},"end":{"line":33,"column":51}},"loc":{"start":{"line":33,"column":60},"end":{"line":33,"column":111}}},"2":{"name":"(anonymous_4)","decl":{"start":{"line":33,"column":115},"end":{"line":33,"column":116}},"loc":{"start":{"line":34,"column":36},"end":{"line":34,"column":null}}}},"branchMap":{},"s":{"0":0,"1":0,"2":0,"3":0,"4":0,"5":0,"6":0,"7":0},"f":{"0":0,"1":0,"2":0},"b":{}},"/home/runner/work/homepage/homepage/components/ui/toaster.tsx":{"path":"/home/runner/work/homepage/homepage/components/ui/toaster.tsx","statementMap":{"0":{"start":{"line":17,"column":13},"end":{"line":17,"column":23}},"1":{"start":{"line":12,"column":13},"end":{"line":12,"column":23}},"2":{"start":{"line":10,"column":7},"end":{"line":10,"column":null}},"3":{"start":{"line":12,"column":23},"end":{"line":15,"column":null}},"4":{"start":{"line":17,"column":23},"end":{"line":43,"column":null}}},"fnMap":{"0":{"name":"(anonymous_3)","decl":{"start":{"line":17,"column":23},"end":{"line":17,"column":null}},"loc":{"start":{"line":17,"column":23},"end":{"line":43,"column":null}}}},"branchMap":{"0":{"loc":{"start":{"line":23,"column":13},"end":{"line":26,"column":null}},"type":"cond-expr","locations":[{"start":{"line":24,"column":14},"end":{"line":26,"column":15}},{"start":{"line":26,"column":14},"end":{"line":26,"column":null}}]},"1":{"loc":{"start":{"line":29,"column":15},"end":{"line":29,"column":26}},"type":"binary-expr","locations":[{"start":{"line":29,"column":15},"end":{"line":29,"column":26}}]},"2":{"loc":{"start":{"line":30,"column":15},"end":{"line":30,"column":32}},"type":"binary-expr","locations":[{"start":{"line":30,"column":15},"end":{"line":30,"column":32}}]},"3":{"loc":{"start":{"line":34,"column":13},"end":{"line":34,"column":25}},"type":"binary-expr","locations":[{"start":{"line":34,"column":13},"end":{"line":34,"column":25}}]},"4":{"loc":{"start":{"line":37,"column":13},"end":{"line":37,"column":null}},"type":"binary-expr","locations":[{"start":{"line":37,"column":13},"end":{"line":37,"column":27}},{"start":{"line":37,"column":31},"end":{"line":37,"column":null}}]}},"s":{"0":0,"1":0,"2":0,"3":0,"4":0},"f":{"0":0},"b":{"0":[0,0],"1":[0],"2":[0],"3":[0],"4":[0,0]}},"/home/runner/work/homepage/homepage/app/components/cv-header/cv-header.tsx":{"path":"/home/runner/work/homepage/homepage/app/components/cv-header/cv-header.tsx","statementMap":{"0":{"start":{"line":3,"column":24},"end":{"line":3,"column":null}},"1":{"start":{"line":1,"column":18},"end":{"line":1,"column":null}}},"fnMap":{"0":{"name":"CvHeader","decl":{"start":{"line":3,"column":24},"end":{"line":3,"column":null}},"loc":{"start":{"line":3,"column":24},"end":{"line":20,"column":null}}}},"branchMap":{},"s":{"0":0,"1":0},"f":{"0":0},"b":{}},"/home/runner/work/homepage/homepage/app/components/experience/experience.tsx":{"path":"/home/runner/work/homepage/homepage/app/components/experience/experience.tsx","statementMap":{"0":{"start":{"line":9,"column":24},"end":{"line":9,"column":35}}},"fnMap":{"0":{"name":"Experience","decl":{"start":{"line":9,"column":24},"end":{"line":9,"column":35}},"loc":{"start":{"line":9,"column":58},"end":{"line":17,"column":null}}}},"branchMap":{},"s":{"0":0},"f":{"0":0},"b":{}},"/home/runner/work/homepage/homepage/app/components/experiences/experiences.tsx":{"path":"/home/runner/work/homepage/homepage/app/components/experiences/experiences.tsx","statementMap":{"0":{"start":{"line":3,"column":24},"end":{"line":3,"column":null}},"1":{"start":{"line":1,"column":23},"end":{"line":1,"column":null}}},"fnMap":{"0":{"name":"Experiences","decl":{"start":{"line":3,"column":24},"end":{"line":3,"column":null}},"loc":{"start":{"line":3,"column":24},"end":{"line":18,"column":null}}}},"branchMap":{},"s":{"0":0,"1":0},"f":{"0":0},"b":{}},"/home/runner/work/homepage/homepage/components/ui/tooltip.tsx":{"path":"/home/runner/work/homepage/homepage/components/ui/tooltip.tsx","statementMap":{"0":{"start":{"line":13,"column":13},"end":{"line":13,"column":23}},"1":{"start":{"line":1,"column":49},"end":{"line":1,"column":null}},"2":{"start":{"line":2,"column":23},"end":{"line":2,"column":null}},"3":{"start":{"line":13,"column":23},"end":{"line":45,"column":null}},"4":{"start":{"line":24,"column":8},"end":{"line":24,"column":null}},"5":{"start":{"line":26,"column":4},"end":{"line":26,"column":null}},"6":{"start":{"line":26,"column":18},"end":{"line":26,"column":null}}},"fnMap":{"0":{"name":"Tooltip","decl":{"start":{"line":14,"column":11},"end":{"line":14,"column":19}},"loc":{"start":{"line":14,"column":29},"end":{"line":45,"column":null}}}},"branchMap":{"0":{"loc":{"start":{"line":19,"column":6},"end":{"line":19,"column":22}},"type":"default-arg","locations":[{"start":{"line":19,"column":18},"end":{"line":19,"column":22}}]},"1":{"loc":{"start":{"line":26,"column":4},"end":{"line":26,"column":null}},"type":"if","locations":[{"start":{"line":26,"column":4},"end":{"line":26,"column":null}},{"start":{},"end":{}}]},"2":{"loc":{"start":{"line":34,"column":15},"end":{"line":34,"column":null}},"type":"binary-expr","locations":[{"start":{"line":34,"column":15},"end":{"line":34,"column":null}}]}},"s":{"0":0,"1":0,"2":0,"3":0,"4":0,"5":0,"6":0},"f":{"0":0},"b":{"0":[0],"1":[0,0],"2":[0]}}}}
